[[255 255 255 ... 255 255 255]
 [255 255 255 ... 255 255 255]
 [255 255 255 ... 255 255 255]
 ...
 [255 255 255 ... 255 255 255]
 [255 255 255 ... 255 255 255]
 [255 255 255 ... 255 255 255]]
['<sos>', 'clef.F:L4', '+', 'accidental.sharp:L4', '+', 'accidental.sharp:S2', '+', 'digit.4:L4', 'digit.4:L2', '+', 'note.eighth_down:S3', '+', 'note.sixteenth_down:L3', '+', 'note.eighth_up:S2', '+', 'accidental.sharp:L3', '+', 'note.sixteenth_down:L3', '+', 'note.half_down:L3', '+', 'note.eighth_down:S3', '+', 'verticalLine:L1', '+', 'rest.eighth:L3', '+', 'note.half_down:L3', '+', 'note.quarter_down:S3', '+', 'accidental.natural:L4', '+', 'note.sixteenth_down:L4', '+', 'note.sixteenth_down:L4', '+', 'verticalLine:L1', '+', 'slur.start:S3', 'note.half_down:S3', '+', 'dot:S3', '+', 'note.sixteenth_down:S3', '+', 'slur.end:S3', 'note.sixteenth_down:S3', '+', 'rest.eighth:L3', '+', 'verticalLine:L1', '+', 'note.sixteenth_down:L4', '+', 'note.eighth_down:L4', '+', 'dot:S4', '+', 'rest.quarter:L3', '+', 'note.sixteenth_down:S4', '+', 'note.quarter_down:L4', '+', 'accidental.sharp:S4', '+', 'note.sixteenth_down:S4', '+', 'note.sixteenth_down:L5', '+', 'note.sixteenth_down:L5', '+', 'verticalLine:L1', '+', 'thickbarline:L1', 'clef.G:L2', '+', 'accidental.sharp:L5', '+', 'accidental.sharp:S3', '+', 'accidental.sharp:S5', '+', 'digit.3:L4', 'digit.4:L2', '+', 'note.eighth_up:S2', 'slur.start:S2', '+', 'slur.end:L3', 'note.eighth_down:L3', '+', 'dot:S3', '+', 'note.eighth_up:S2', '+', 'note.eighth_up:S2', '+', 'note.sixteenth_down:L3', '+', 'note.eighth_down:L3', '+', 'verticalLine:L1', '+', 'rest.eighth:L3', '+', 'note.half_up:S2', '+', 'note.eighth_up:L2', '+', 'verticalLine:L1', '+', 'accidental.flat:L2', '+', 'note.eighth_up:L2', '+', 'note.half_up:L2', 'slur.start:L2', '+', 'note.eighth_up:S1', 'slur.end:S1', '+', 'verticalLine:L1', '+', 'note.sixteenth_up:L1', '+', 'note.sixteenth_up:S0', '+', 'note.eighth_up:L1', '+', 'note.sixteenth_up:S0', '+', 'note.sixteenth_up:S0', '+', 'note.sixteenth_up:S0', '+', 'note.eighth_up:L1', '+', 'note.sixteenth_up:S1', '+', 'accidental.natural:L2', '+', 'note.eighth_up:L2', '+', 'verticalLine:L1', '+', 'thickbarline:L1', 'clef.G:L2', '+', 'accidental.flat:L3', '+', 'digit.4:L4', 'digit.4:L2', '+', 'note.half_up:S2', '+', 'rest.sixteenth:L3', '+', 'note.quarter_down:L3', '+', 'note.eighth_down:S3', '+', 'dot:S3', '+', 'verticalLine:L1', '+', 'accidental.sharp:L3', '+', 'note.sixteenth_down:L3', '+', 'note.eighth_up:S2', '+', 'note.quarter_up:L2', '+', 'note.half_up:S1', '+', 'note.sixteenth_up:L1', '+', 'verticalLine:L1', '+', 'note.quarter_up:S0', '+', 'note.sixteenth_up:L1', '+', 'note.quarter_up:S1', '+', 'note.eighth_up:S1', '+', 'note.sixteenth_up:L2', 'slur.start:L2', '+', 'accidental.sharp:S1', '+', 'note.eighth_up:S1', 'slur.end:S1', '+', 'dot:S1', '+', 'note.sixteenth_up:L1', '+', 'verticalLine:L1', '+', 'note.whole_up:S0', '+', 'verticalLine:L1', '+', 'thickbarline:L1', '', '<eos>']
(224,)
(224,)
Model: "model"
__________________________________________________________________________________________________
Layer (type)                    Output Shape         Param #     Connected to                     
==================================================================================================
the_input (InputLayer)          [(None, 512, 512, 1) 0                                            
__________________________________________________________________________________________________
conv2d (Conv2D)                 (None, 512, 512, 32) 320         the_input[0][0]                  
__________________________________________________________________________________________________
conv2d_1 (Conv2D)               (None, 512, 512, 32) 9248        conv2d[0][0]                     
__________________________________________________________________________________________________
batch_normalization (BatchNorma (None, 512, 512, 32) 128         conv2d_1[0][0]                   
__________________________________________________________________________________________________
conv2d_2 (Conv2D)               (None, 512, 512, 32) 9248        batch_normalization[0][0]        
__________________________________________________________________________________________________
conv2d_3 (Conv2D)               (None, 512, 512, 64) 18496       conv2d_2[0][0]                   
__________________________________________________________________________________________________
conv2d_4 (Conv2D)               (None, 512, 512, 64) 36928       conv2d_3[0][0]                   
__________________________________________________________________________________________________
batch_normalization_1 (BatchNor (None, 512, 512, 64) 256         conv2d_4[0][0]                   
__________________________________________________________________________________________________
conv2d_5 (Conv2D)               (None, 256, 256, 64) 36928       batch_normalization_1[0][0]      
__________________________________________________________________________________________________
conv2d_6 (Conv2D)               (None, 256, 256, 128 73856       conv2d_5[0][0]                   
__________________________________________________________________________________________________
conv2d_7 (Conv2D)               (None, 256, 256, 128 147584      conv2d_6[0][0]                   
__________________________________________________________________________________________________
batch_normalization_2 (BatchNor (None, 256, 256, 128 512         conv2d_7[0][0]                   
__________________________________________________________________________________________________
conv2d_8 (Conv2D)               (None, 128, 128, 128 147584      batch_normalization_2[0][0]      
__________________________________________________________________________________________________
conv2d_9 (Conv2D)               (None, 128, 128, 256 295168      conv2d_8[0][0]                   
__________________________________________________________________________________________________
conv2d_10 (Conv2D)              (None, 128, 128, 256 590080      conv2d_9[0][0]                   
__________________________________________________________________________________________________
batch_normalization_3 (BatchNor (None, 128, 128, 256 1024        conv2d_10[0][0]                  
__________________________________________________________________________________________________
conv2d_11 (Conv2D)              (None, 64, 64, 256)  590080      batch_normalization_3[0][0]      
__________________________________________________________________________________________________
conv2d_12 (Conv2D)              (None, 64, 64, 512)  1180160     conv2d_11[0][0]                  
__________________________________________________________________________________________________
conv2d_13 (Conv2D)              (None, 64, 64, 512)  2359808     conv2d_12[0][0]                  
__________________________________________________________________________________________________
batch_normalization_4 (BatchNor (None, 64, 64, 512)  2048        conv2d_13[0][0]                  
__________________________________________________________________________________________________
conv2d_14 (Conv2D)              (None, 32, 64, 512)  2359808     batch_normalization_4[0][0]      
__________________________________________________________________________________________________
conv2d_15 (Conv2D)              (None, 32, 64, 512)  2359808     conv2d_14[0][0]                  
__________________________________________________________________________________________________
conv2d_16 (Conv2D)              (None, 32, 64, 512)  2359808     conv2d_15[0][0]                  
__________________________________________________________________________________________________
batch_normalization_5 (BatchNor (None, 32, 64, 512)  2048        conv2d_16[0][0]                  
__________________________________________________________________________________________________
conv2d_17 (Conv2D)              (None, 16, 64, 512)  2359808     batch_normalization_5[0][0]      
